Analysis & Synthesis report for ALU
Wed Nov 01 18:13:44 2023
Quartus Prime Version 18.1.0 Build 625 09/12/2018 SJ Lite Edition


---------------------
; Table of Contents ;
---------------------
  1. Legal Notice
  2. Analysis & Synthesis Summary
  3. Analysis & Synthesis Settings
  4. Parallel Compilation
  5. Analysis & Synthesis Source Files Read
  6. Analysis & Synthesis Resource Usage Summary
  7. Analysis & Synthesis Resource Utilization by Entity
  8. Analysis & Synthesis DSP Block Usage Summary
  9. General Register Statistics
 10. Multiplexer Restructuring Statistics (Restructuring Performed)
 11. Parameter Settings for Inferred Entity Instance: lpm_divide:Div0
 12. Parameter Settings for Inferred Entity Instance: lpm_divide:Div1
 13. Parameter Settings for Inferred Entity Instance: lpm_divide:Mod0
 14. Parameter Settings for Inferred Entity Instance: lpm_divide:Mod1
 15. Post-Synthesis Netlist Statistics for Top Partition
 16. Elapsed Time Per Partition
 17. Analysis & Synthesis Messages



----------------
; Legal Notice ;
----------------
Copyright (C) 2018  Intel Corporation. All rights reserved.
Your use of Intel Corporation's design tools, logic functions 
and other software and tools, and its AMPP partner logic 
functions, and any output files from any of the foregoing 
(including device programming or simulation files), and any 
associated documentation or information are expressly subject 
to the terms and conditions of the Intel Program License 
Subscription Agreement, the Intel Quartus Prime License Agreement,
the Intel FPGA IP License Agreement, or other applicable license
agreement, including, without limitation, that your use is for
the sole purpose of programming logic devices manufactured by
Intel and sold by Intel or its authorized distributors.  Please
refer to the applicable agreement for further details.



+-------------------------------------------------------------------------------+
; Analysis & Synthesis Summary                                                  ;
+---------------------------------+---------------------------------------------+
; Analysis & Synthesis Status     ; Successful - Wed Nov 01 18:13:44 2023       ;
; Quartus Prime Version           ; 18.1.0 Build 625 09/12/2018 SJ Lite Edition ;
; Revision Name                   ; ALU                                         ;
; Top-level Entity Name           ; ALU                                         ;
; Family                          ; Cyclone V                                   ;
; Logic utilization (in ALMs)     ; N/A                                         ;
; Total registers                 ; 0                                           ;
; Total pins                      ; 0                                           ;
; Total virtual pins              ; 101                                         ;
; Total block memory bits         ; 0                                           ;
; Total DSP Blocks                ; 12                                          ;
; Total HSSI RX PCSs              ; 0                                           ;
; Total HSSI PMA RX Deserializers ; 0                                           ;
; Total HSSI TX PCSs              ; 0                                           ;
; Total HSSI PMA TX Serializers   ; 0                                           ;
; Total PLLs                      ; 0                                           ;
; Total DLLs                      ; 0                                           ;
+---------------------------------+---------------------------------------------+


+---------------------------------------------------------------------------------------------------------------------------+
; Analysis & Synthesis Settings                                                                                             ;
+---------------------------------------------------------------------------------+--------------------+--------------------+
; Option                                                                          ; Setting            ; Default Value      ;
+---------------------------------------------------------------------------------+--------------------+--------------------+
; Device                                                                          ; 5CSEMA5F31C6       ;                    ;
; Top-level entity name                                                           ; ALU                ; ALU                ;
; Family name                                                                     ; Cyclone V          ; Cyclone V          ;
; Use smart compilation                                                           ; On                 ; Off                ;
; Maximum processors allowed for parallel compilation                             ; All                ;                    ;
; Verilog Show LMF Mapping Messages                                               ; Off                ;                    ;
; Verilog Version                                                                 ; SystemVerilog_2005 ; Verilog_2001       ;
; Enable parallel Assembler and Timing Analyzer during compilation                ; On                 ; On                 ;
; Enable compact report table                                                     ; Off                ; Off                ;
; Restructure Multiplexers                                                        ; Auto               ; Auto               ;
; MLAB Add Timing Constraints For Mixed-Port Feed-Through Mode Setting Don't Care ; Off                ; Off                ;
; Create Debugging Nodes for IP Cores                                             ; Off                ; Off                ;
; Preserve fewer node names                                                       ; On                 ; On                 ;
; Intel FPGA IP Evaluation Mode                                                   ; Enable             ; Enable             ;
; VHDL Version                                                                    ; VHDL_1993          ; VHDL_1993          ;
; State Machine Processing                                                        ; Auto               ; Auto               ;
; Safe State Machine                                                              ; Off                ; Off                ;
; Extract Verilog State Machines                                                  ; On                 ; On                 ;
; Extract VHDL State Machines                                                     ; On                 ; On                 ;
; Ignore Verilog initial constructs                                               ; Off                ; Off                ;
; Iteration limit for constant Verilog loops                                      ; 5000               ; 5000               ;
; Iteration limit for non-constant Verilog loops                                  ; 250                ; 250                ;
; Add Pass-Through Logic to Inferred RAMs                                         ; On                 ; On                 ;
; Infer RAMs from Raw Logic                                                       ; On                 ; On                 ;
; Parallel Synthesis                                                              ; On                 ; On                 ;
; DSP Block Balancing                                                             ; Auto               ; Auto               ;
; NOT Gate Push-Back                                                              ; On                 ; On                 ;
; Power-Up Don't Care                                                             ; On                 ; On                 ;
; Remove Redundant Logic Cells                                                    ; Off                ; Off                ;
; Remove Duplicate Registers                                                      ; On                 ; On                 ;
; Ignore CARRY Buffers                                                            ; Off                ; Off                ;
; Ignore CASCADE Buffers                                                          ; Off                ; Off                ;
; Ignore GLOBAL Buffers                                                           ; Off                ; Off                ;
; Ignore ROW GLOBAL Buffers                                                       ; Off                ; Off                ;
; Ignore LCELL Buffers                                                            ; Off                ; Off                ;
; Ignore SOFT Buffers                                                             ; On                 ; On                 ;
; Limit AHDL Integers to 32 Bits                                                  ; Off                ; Off                ;
; Optimization Technique                                                          ; Balanced           ; Balanced           ;
; Carry Chain Length                                                              ; 70                 ; 70                 ;
; Auto Carry Chains                                                               ; On                 ; On                 ;
; Auto Open-Drain Pins                                                            ; On                 ; On                 ;
; Perform WYSIWYG Primitive Resynthesis                                           ; Off                ; Off                ;
; Auto ROM Replacement                                                            ; On                 ; On                 ;
; Auto RAM Replacement                                                            ; On                 ; On                 ;
; Auto DSP Block Replacement                                                      ; On                 ; On                 ;
; Auto Shift Register Replacement                                                 ; Auto               ; Auto               ;
; Allow Shift Register Merging across Hierarchies                                 ; Auto               ; Auto               ;
; Auto Clock Enable Replacement                                                   ; On                 ; On                 ;
; Strict RAM Replacement                                                          ; Off                ; Off                ;
; Allow Synchronous Control Signals                                               ; On                 ; On                 ;
; Force Use of Synchronous Clear Signals                                          ; Off                ; Off                ;
; Auto Resource Sharing                                                           ; Off                ; Off                ;
; Allow Any RAM Size For Recognition                                              ; Off                ; Off                ;
; Allow Any ROM Size For Recognition                                              ; Off                ; Off                ;
; Allow Any Shift Register Size For Recognition                                   ; Off                ; Off                ;
; Use LogicLock Constraints during Resource Balancing                             ; On                 ; On                 ;
; Ignore translate_off and synthesis_off directives                               ; Off                ; Off                ;
; Timing-Driven Synthesis                                                         ; On                 ; On                 ;
; Report Parameter Settings                                                       ; On                 ; On                 ;
; Report Source Assignments                                                       ; On                 ; On                 ;
; Report Connectivity Checks                                                      ; On                 ; On                 ;
; Ignore Maximum Fan-Out Assignments                                              ; Off                ; Off                ;
; Synchronization Register Chain Length                                           ; 3                  ; 3                  ;
; Power Optimization During Synthesis                                             ; Normal compilation ; Normal compilation ;
; HDL message level                                                               ; Level2             ; Level2             ;
; Suppress Register Optimization Related Messages                                 ; Off                ; Off                ;
; Number of Removed Registers Reported in Synthesis Report                        ; 5000               ; 5000               ;
; Number of Swept Nodes Reported in Synthesis Report                              ; 5000               ; 5000               ;
; Number of Inverted Registers Reported in Synthesis Report                       ; 100                ; 100                ;
; Clock MUX Protection                                                            ; On                 ; On                 ;
; Auto Gated Clock Conversion                                                     ; Off                ; Off                ;
; Block Design Naming                                                             ; Auto               ; Auto               ;
; SDC constraint protection                                                       ; Off                ; Off                ;
; Synthesis Effort                                                                ; Auto               ; Auto               ;
; Shift Register Replacement - Allow Asynchronous Clear Signal                    ; On                 ; On                 ;
; Pre-Mapping Resynthesis Optimization                                            ; Off                ; Off                ;
; Analysis & Synthesis Message Level                                              ; Medium             ; Medium             ;
; Disable Register Merging Across Hierarchies                                     ; Auto               ; Auto               ;
; Resource Aware Inference For Block RAM                                          ; On                 ; On                 ;
; Automatic Parallel Synthesis                                                    ; On                 ; On                 ;
; Partial Reconfiguration Bitstream ID                                            ; Off                ; Off                ;
+---------------------------------------------------------------------------------+--------------------+--------------------+


+------------------------------------------+
; Parallel Compilation                     ;
+----------------------------+-------------+
; Processors                 ; Number      ;
+----------------------------+-------------+
; Number detected on machine ; 8           ;
; Maximum allowed            ; 4           ;
;                            ;             ;
; Average used               ; 1.00        ;
; Maximum used               ; 4           ;
;                            ;             ;
; Usage by Processor         ; % Time Used ;
;     Processor 1            ; 100.0%      ;
;     Processor 2            ;   0.0%      ;
;     Processor 3            ;   0.0%      ;
;     Processor 4            ;   0.0%      ;
+----------------------------+-------------+


+--------------------------------------------------------------------------------------------------------------------------------------------------------------------------------------+
; Analysis & Synthesis Source Files Read                                                                                                                                               ;
+----------------------------------+-----------------+------------------------------+----------------------------------------------------------------------------------------+---------+
; File Name with User-Entered Path ; Used in Netlist ; File Type                    ; File Name with Absolute Path                                                           ; Library ;
+----------------------------------+-----------------+------------------------------+----------------------------------------------------------------------------------------+---------+
; Parametros.v                     ; yes             ; User Verilog HDL File        ; C:/Users/e-nicole.sena/Downloads/OAC/Lab2/Lab2/ALU_restored/Parametros.v               ;         ;
; ALU.v                            ; yes             ; User Verilog HDL File        ; C:/Users/e-nicole.sena/Downloads/OAC/Lab2/Lab2/ALU_restored/ALU.v                      ;         ;
; lpm_divide.tdf                   ; yes             ; Megafunction                 ; c:/intelfpga_lite/18.1/quartus/libraries/megafunctions/lpm_divide.tdf                  ;         ;
; abs_divider.inc                  ; yes             ; Megafunction                 ; c:/intelfpga_lite/18.1/quartus/libraries/megafunctions/abs_divider.inc                 ;         ;
; sign_div_unsign.inc              ; yes             ; Megafunction                 ; c:/intelfpga_lite/18.1/quartus/libraries/megafunctions/sign_div_unsign.inc             ;         ;
; aglobal181.inc                   ; yes             ; Megafunction                 ; c:/intelfpga_lite/18.1/quartus/libraries/megafunctions/aglobal181.inc                  ;         ;
; db/lpm_divide_rqo.tdf            ; yes             ; Auto-Generated Megafunction  ; C:/Users/e-nicole.sena/Downloads/OAC/Lab2/Lab2/ALU_restored/db/lpm_divide_rqo.tdf      ;         ;
; db/abs_divider_4dg.tdf           ; yes             ; Auto-Generated Megafunction  ; C:/Users/e-nicole.sena/Downloads/OAC/Lab2/Lab2/ALU_restored/db/abs_divider_4dg.tdf     ;         ;
; db/alt_u_div_o2f.tdf             ; yes             ; Auto-Generated Megafunction  ; C:/Users/e-nicole.sena/Downloads/OAC/Lab2/Lab2/ALU_restored/db/alt_u_div_o2f.tdf       ;         ;
; db/lpm_abs_4p9.tdf               ; yes             ; Auto-Generated Megafunction  ; C:/Users/e-nicole.sena/Downloads/OAC/Lab2/Lab2/ALU_restored/db/lpm_abs_4p9.tdf         ;         ;
; db/lpm_divide_3dm.tdf            ; yes             ; Auto-Generated Megafunction  ; C:/Users/e-nicole.sena/Downloads/OAC/Lab2/Lab2/ALU_restored/db/lpm_divide_3dm.tdf      ;         ;
; db/sign_div_unsign_9nh.tdf       ; yes             ; Auto-Generated Megafunction  ; C:/Users/e-nicole.sena/Downloads/OAC/Lab2/Lab2/ALU_restored/db/sign_div_unsign_9nh.tdf ;         ;
; db/lpm_divide_uio.tdf            ; yes             ; Auto-Generated Megafunction  ; C:/Users/e-nicole.sena/Downloads/OAC/Lab2/Lab2/ALU_restored/db/lpm_divide_uio.tdf      ;         ;
; db/lpm_divide_65m.tdf            ; yes             ; Auto-Generated Megafunction  ; C:/Users/e-nicole.sena/Downloads/OAC/Lab2/Lab2/ALU_restored/db/lpm_divide_65m.tdf      ;         ;
+----------------------------------+-----------------+------------------------------+----------------------------------------------------------------------------------------+---------+


+------------------------------------------------------+
; Analysis & Synthesis Resource Usage Summary          ;
+---------------------------------------------+--------+
; Resource                                    ; Usage  ;
+---------------------------------------------+--------+
; Estimate of Logic utilization (ALMs needed) ; 2884   ;
;                                             ;        ;
; Combinational ALUT usage for logic          ; 5412   ;
;     -- 7 input functions                    ; 15     ;
;     -- 6 input functions                    ; 240    ;
;     -- 5 input functions                    ; 2191   ;
;     -- 4 input functions                    ; 1858   ;
;     -- <=3 input functions                  ; 1108   ;
;                                             ;        ;
; Dedicated logic registers                   ; 0      ;
;                                             ;        ;
; Virtual pins                                ; 101    ;
; I/O pins                                    ; 0      ;
;                                             ;        ;
; Total DSP Blocks                            ; 12     ;
;                                             ;        ;
; Maximum fan-out node                        ; iB[31] ;
; Maximum fan-out                             ; 158    ;
; Total fan-out                               ; 25000  ;
; Average fan-out                             ; 4.52   ;
+---------------------------------------------+--------+


+---------------------------------------------------------------------------------------------------------------------------------------------------------------------------------------------------------------------------------------------------------------------------------------------+
; Analysis & Synthesis Resource Utilization by Entity                                                                                                                                                                                                                                         ;
+----------------------------------------+---------------------+---------------------------+-------------------+------------+------+--------------+------------------------------------------------------------------------------------------------------+---------------------+--------------+
; Compilation Hierarchy Node             ; Combinational ALUTs ; Dedicated Logic Registers ; Block Memory Bits ; DSP Blocks ; Pins ; Virtual Pins ; Full Hierarchy Name                                                                                  ; Entity Name         ; Library Name ;
+----------------------------------------+---------------------+---------------------------+-------------------+------------+------+--------------+------------------------------------------------------------------------------------------------------+---------------------+--------------+
; |ALU                                   ; 5412 (697)          ; 0 (0)                     ; 0                 ; 12         ; 0    ; 101          ; |ALU                                                                                                 ; ALU                 ; work         ;
;    |lpm_divide:Div0|                   ; 1243 (0)            ; 0 (0)                     ; 0                 ; 0          ; 0    ; 0            ; |ALU|lpm_divide:Div0                                                                                 ; lpm_divide          ; work         ;
;       |lpm_divide_rqo:auto_generated|  ; 1243 (0)            ; 0 (0)                     ; 0                 ; 0          ; 0    ; 0            ; |ALU|lpm_divide:Div0|lpm_divide_rqo:auto_generated                                                   ; lpm_divide_rqo      ; work         ;
;          |abs_divider_4dg:divider|     ; 1243 (64)           ; 0 (0)                     ; 0                 ; 0          ; 0    ; 0            ; |ALU|lpm_divide:Div0|lpm_divide_rqo:auto_generated|abs_divider_4dg:divider                           ; abs_divider_4dg     ; work         ;
;             |alt_u_div_o2f:divider|    ; 1115 (1115)         ; 0 (0)                     ; 0                 ; 0          ; 0    ; 0            ; |ALU|lpm_divide:Div0|lpm_divide_rqo:auto_generated|abs_divider_4dg:divider|alt_u_div_o2f:divider     ; alt_u_div_o2f       ; work         ;
;             |lpm_abs_4p9:my_abs_den|   ; 32 (32)             ; 0 (0)                     ; 0                 ; 0          ; 0    ; 0            ; |ALU|lpm_divide:Div0|lpm_divide_rqo:auto_generated|abs_divider_4dg:divider|lpm_abs_4p9:my_abs_den    ; lpm_abs_4p9         ; work         ;
;             |lpm_abs_4p9:my_abs_num|   ; 32 (32)             ; 0 (0)                     ; 0                 ; 0          ; 0    ; 0            ; |ALU|lpm_divide:Div0|lpm_divide_rqo:auto_generated|abs_divider_4dg:divider|lpm_abs_4p9:my_abs_num    ; lpm_abs_4p9         ; work         ;
;    |lpm_divide:Div1|                   ; 1090 (0)            ; 0 (0)                     ; 0                 ; 0          ; 0    ; 0            ; |ALU|lpm_divide:Div1                                                                                 ; lpm_divide          ; work         ;
;       |lpm_divide_3dm:auto_generated|  ; 1090 (0)            ; 0 (0)                     ; 0                 ; 0          ; 0    ; 0            ; |ALU|lpm_divide:Div1|lpm_divide_3dm:auto_generated                                                   ; lpm_divide_3dm      ; work         ;
;          |sign_div_unsign_9nh:divider| ; 1090 (0)            ; 0 (0)                     ; 0                 ; 0          ; 0    ; 0            ; |ALU|lpm_divide:Div1|lpm_divide_3dm:auto_generated|sign_div_unsign_9nh:divider                       ; sign_div_unsign_9nh ; work         ;
;             |alt_u_div_o2f:divider|    ; 1090 (1090)         ; 0 (0)                     ; 0                 ; 0          ; 0    ; 0            ; |ALU|lpm_divide:Div1|lpm_divide_3dm:auto_generated|sign_div_unsign_9nh:divider|alt_u_div_o2f:divider ; alt_u_div_o2f       ; work         ;
;    |lpm_divide:Mod0|                   ; 1268 (0)            ; 0 (0)                     ; 0                 ; 0          ; 0    ; 0            ; |ALU|lpm_divide:Mod0                                                                                 ; lpm_divide          ; work         ;
;       |lpm_divide_uio:auto_generated|  ; 1268 (0)            ; 0 (0)                     ; 0                 ; 0          ; 0    ; 0            ; |ALU|lpm_divide:Mod0|lpm_divide_uio:auto_generated                                                   ; lpm_divide_uio      ; work         ;
;          |abs_divider_4dg:divider|     ; 1268 (42)           ; 0 (0)                     ; 0                 ; 0          ; 0    ; 0            ; |ALU|lpm_divide:Mod0|lpm_divide_uio:auto_generated|abs_divider_4dg:divider                           ; abs_divider_4dg     ; work         ;
;             |alt_u_div_o2f:divider|    ; 1162 (1162)         ; 0 (0)                     ; 0                 ; 0          ; 0    ; 0            ; |ALU|lpm_divide:Mod0|lpm_divide_uio:auto_generated|abs_divider_4dg:divider|alt_u_div_o2f:divider     ; alt_u_div_o2f       ; work         ;
;             |lpm_abs_4p9:my_abs_den|   ; 32 (32)             ; 0 (0)                     ; 0                 ; 0          ; 0    ; 0            ; |ALU|lpm_divide:Mod0|lpm_divide_uio:auto_generated|abs_divider_4dg:divider|lpm_abs_4p9:my_abs_den    ; lpm_abs_4p9         ; work         ;
;             |lpm_abs_4p9:my_abs_num|   ; 32 (32)             ; 0 (0)                     ; 0                 ; 0          ; 0    ; 0            ; |ALU|lpm_divide:Mod0|lpm_divide_uio:auto_generated|abs_divider_4dg:divider|lpm_abs_4p9:my_abs_num    ; lpm_abs_4p9         ; work         ;
;    |lpm_divide:Mod1|                   ; 1114 (0)            ; 0 (0)                     ; 0                 ; 0          ; 0    ; 0            ; |ALU|lpm_divide:Mod1                                                                                 ; lpm_divide          ; work         ;
;       |lpm_divide_65m:auto_generated|  ; 1114 (0)            ; 0 (0)                     ; 0                 ; 0          ; 0    ; 0            ; |ALU|lpm_divide:Mod1|lpm_divide_65m:auto_generated                                                   ; lpm_divide_65m      ; work         ;
;          |sign_div_unsign_9nh:divider| ; 1114 (0)            ; 0 (0)                     ; 0                 ; 0          ; 0    ; 0            ; |ALU|lpm_divide:Mod1|lpm_divide_65m:auto_generated|sign_div_unsign_9nh:divider                       ; sign_div_unsign_9nh ; work         ;
;             |alt_u_div_o2f:divider|    ; 1114 (1114)         ; 0 (0)                     ; 0                 ; 0          ; 0    ; 0            ; |ALU|lpm_divide:Mod1|lpm_divide_65m:auto_generated|sign_div_unsign_9nh:divider|alt_u_div_o2f:divider ; alt_u_div_o2f       ; work         ;
+----------------------------------------+---------------------+---------------------------+-------------------+------------+------+--------------+------------------------------------------------------------------------------------------------------+---------------------+--------------+
Note: For table entries with two numbers listed, the numbers in parentheses indicate the number of resources of the given type used by the specific entity alone. The numbers listed outside of parentheses indicate the total resources of the given type used by the specific entity and all of its sub-entities in the hierarchy.


+--------------------------------------------------------+
; Analysis & Synthesis DSP Block Usage Summary           ;
+------------------------------------------+-------------+
; Statistic                                ; Number Used ;
+------------------------------------------+-------------+
; Two Independent 18x18                    ; 6           ;
; Sum of two 18x18                         ; 3           ;
; Independent 27x27                        ; 3           ;
; Total number of DSP blocks               ; 12          ;
;                                          ;             ;
; Fixed Point Signed Multiplier            ; 1           ;
; Fixed Point Unsigned Multiplier          ; 12          ;
; Fixed Point Mixed Sign Multiplier        ; 2           ;
; Fixed Point Dedicated Output Adder Chain ; 1           ;
+------------------------------------------+-------------+


+------------------------------------------------------+
; General Register Statistics                          ;
+----------------------------------------------+-------+
; Statistic                                    ; Value ;
+----------------------------------------------+-------+
; Total registers                              ; 0     ;
; Number of registers using Synchronous Clear  ; 0     ;
; Number of registers using Synchronous Load   ; 0     ;
; Number of registers using Asynchronous Clear ; 0     ;
; Number of registers using Asynchronous Load  ; 0     ;
; Number of registers using Clock Enable       ; 0     ;
; Number of registers using Preset             ; 0     ;
+----------------------------------------------+-------+


+------------------------------------------------------------------------------------------------------------------------------------------+
; Multiplexer Restructuring Statistics (Restructuring Performed)                                                                           ;
+--------------------+-----------+---------------+----------------------+------------------------+------------+----------------------------+
; Multiplexer Inputs ; Bus Width ; Baseline Area ; Area if Restructured ; Saving if Restructured ; Registered ; Example Multiplexer Output ;
+--------------------+-----------+---------------+----------------------+------------------------+------------+----------------------------+
; 4:1                ; 4 bits    ; 8 LEs         ; 8 LEs                ; 0 LEs                  ; No         ; |ALU|ShiftLeft0            ;
; 4:1                ; 4 bits    ; 8 LEs         ; 8 LEs                ; 0 LEs                  ; No         ; |ALU|ShiftLeft0            ;
; 4:1                ; 4 bits    ; 8 LEs         ; 8 LEs                ; 0 LEs                  ; No         ; |ALU|ShiftLeft0            ;
; 4:1                ; 4 bits    ; 8 LEs         ; 8 LEs                ; 0 LEs                  ; No         ; |ALU|ShiftRight0           ;
; 4:1                ; 4 bits    ; 8 LEs         ; 8 LEs                ; 0 LEs                  ; No         ; |ALU|ShiftRight1           ;
; 4:1                ; 2 bits    ; 4 LEs         ; 4 LEs                ; 0 LEs                  ; No         ; |ALU|ShiftLeft0            ;
; 4:1                ; 49 bits   ; 98 LEs        ; 98 LEs               ; 0 LEs                  ; No         ; |ALU|ShiftRight1           ;
; 37:1               ; 5 bits    ; 120 LEs       ; 90 LEs               ; 30 LEs                 ; No         ; |ALU|Mux27                 ;
; 38:1               ; 8 bits    ; 200 LEs       ; 144 LEs              ; 56 LEs                 ; No         ; |ALU|Mux14                 ;
; 39:1               ; 2 bits    ; 52 LEs        ; 36 LEs               ; 16 LEs                 ; No         ; |ALU|Mux22                 ;
; 37:1               ; 3 bits    ; 72 LEs        ; 54 LEs               ; 18 LEs                 ; No         ; |ALU|Mux19                 ;
; 40:1               ; 3 bits    ; 78 LEs        ; 60 LEs               ; 18 LEs                 ; No         ; |ALU|Mux30                 ;
; 40:1               ; 2 bits    ; 52 LEs        ; 38 LEs               ; 14 LEs                 ; No         ; |ALU|Mux5                  ;
; 41:1               ; 3 bits    ; 81 LEs        ; 60 LEs               ; 21 LEs                 ; No         ; |ALU|Mux3                  ;
+--------------------+-----------+---------------+----------------------+------------------------+------------+----------------------------+


+------------------------------------------------------------------+
; Parameter Settings for Inferred Entity Instance: lpm_divide:Div0 ;
+------------------------+----------------+------------------------+
; Parameter Name         ; Value          ; Type                   ;
+------------------------+----------------+------------------------+
; LPM_WIDTHN             ; 32             ; Untyped                ;
; LPM_WIDTHD             ; 32             ; Untyped                ;
; LPM_NREPRESENTATION    ; SIGNED         ; Untyped                ;
; LPM_DREPRESENTATION    ; SIGNED         ; Untyped                ;
; LPM_PIPELINE           ; 0              ; Untyped                ;
; LPM_REMAINDERPOSITIVE  ; FALSE          ; Untyped                ;
; MAXIMIZE_SPEED         ; 5              ; Untyped                ;
; CBXI_PARAMETER         ; lpm_divide_rqo ; Untyped                ;
; CARRY_CHAIN            ; MANUAL         ; Untyped                ;
; OPTIMIZE_FOR_SPEED     ; 5              ; Untyped                ;
; AUTO_CARRY_CHAINS      ; ON             ; AUTO_CARRY             ;
; IGNORE_CARRY_BUFFERS   ; OFF            ; IGNORE_CARRY           ;
; AUTO_CASCADE_CHAINS    ; ON             ; AUTO_CASCADE           ;
; IGNORE_CASCADE_BUFFERS ; OFF            ; IGNORE_CASCADE         ;
+------------------------+----------------+------------------------+
Note: In order to hide this table in the UI and the text report file, please set the "Show Parameter Settings in Synthesis Report" option in "Analysis and Synthesis Settings -> More Settings" to "Off".


+------------------------------------------------------------------+
; Parameter Settings for Inferred Entity Instance: lpm_divide:Div1 ;
+------------------------+----------------+------------------------+
; Parameter Name         ; Value          ; Type                   ;
+------------------------+----------------+------------------------+
; LPM_WIDTHN             ; 32             ; Untyped                ;
; LPM_WIDTHD             ; 32             ; Untyped                ;
; LPM_NREPRESENTATION    ; UNSIGNED       ; Untyped                ;
; LPM_DREPRESENTATION    ; UNSIGNED       ; Untyped                ;
; LPM_PIPELINE           ; 0              ; Untyped                ;
; LPM_REMAINDERPOSITIVE  ; TRUE           ; Untyped                ;
; MAXIMIZE_SPEED         ; 5              ; Untyped                ;
; CBXI_PARAMETER         ; lpm_divide_3dm ; Untyped                ;
; CARRY_CHAIN            ; MANUAL         ; Untyped                ;
; OPTIMIZE_FOR_SPEED     ; 5              ; Untyped                ;
; AUTO_CARRY_CHAINS      ; ON             ; AUTO_CARRY             ;
; IGNORE_CARRY_BUFFERS   ; OFF            ; IGNORE_CARRY           ;
; AUTO_CASCADE_CHAINS    ; ON             ; AUTO_CASCADE           ;
; IGNORE_CASCADE_BUFFERS ; OFF            ; IGNORE_CASCADE         ;
+------------------------+----------------+------------------------+
Note: In order to hide this table in the UI and the text report file, please set the "Show Parameter Settings in Synthesis Report" option in "Analysis and Synthesis Settings -> More Settings" to "Off".


+------------------------------------------------------------------+
; Parameter Settings for Inferred Entity Instance: lpm_divide:Mod0 ;
+------------------------+----------------+------------------------+
; Parameter Name         ; Value          ; Type                   ;
+------------------------+----------------+------------------------+
; LPM_WIDTHN             ; 32             ; Untyped                ;
; LPM_WIDTHD             ; 32             ; Untyped                ;
; LPM_NREPRESENTATION    ; SIGNED         ; Untyped                ;
; LPM_DREPRESENTATION    ; SIGNED         ; Untyped                ;
; LPM_PIPELINE           ; 0              ; Untyped                ;
; LPM_REMAINDERPOSITIVE  ; FALSE          ; Untyped                ;
; MAXIMIZE_SPEED         ; 5              ; Untyped                ;
; CBXI_PARAMETER         ; lpm_divide_uio ; Untyped                ;
; CARRY_CHAIN            ; MANUAL         ; Untyped                ;
; OPTIMIZE_FOR_SPEED     ; 5              ; Untyped                ;
; AUTO_CARRY_CHAINS      ; ON             ; AUTO_CARRY             ;
; IGNORE_CARRY_BUFFERS   ; OFF            ; IGNORE_CARRY           ;
; AUTO_CASCADE_CHAINS    ; ON             ; AUTO_CASCADE           ;
; IGNORE_CASCADE_BUFFERS ; OFF            ; IGNORE_CASCADE         ;
+------------------------+----------------+------------------------+
Note: In order to hide this table in the UI and the text report file, please set the "Show Parameter Settings in Synthesis Report" option in "Analysis and Synthesis Settings -> More Settings" to "Off".


+------------------------------------------------------------------+
; Parameter Settings for Inferred Entity Instance: lpm_divide:Mod1 ;
+------------------------+----------------+------------------------+
; Parameter Name         ; Value          ; Type                   ;
+------------------------+----------------+------------------------+
; LPM_WIDTHN             ; 32             ; Untyped                ;
; LPM_WIDTHD             ; 32             ; Untyped                ;
; LPM_NREPRESENTATION    ; UNSIGNED       ; Untyped                ;
; LPM_DREPRESENTATION    ; UNSIGNED       ; Untyped                ;
; LPM_PIPELINE           ; 0              ; Untyped                ;
; LPM_REMAINDERPOSITIVE  ; TRUE           ; Untyped                ;
; MAXIMIZE_SPEED         ; 5              ; Untyped                ;
; CBXI_PARAMETER         ; lpm_divide_65m ; Untyped                ;
; CARRY_CHAIN            ; MANUAL         ; Untyped                ;
; OPTIMIZE_FOR_SPEED     ; 5              ; Untyped                ;
; AUTO_CARRY_CHAINS      ; ON             ; AUTO_CARRY             ;
; IGNORE_CARRY_BUFFERS   ; OFF            ; IGNORE_CARRY           ;
; AUTO_CASCADE_CHAINS    ; ON             ; AUTO_CASCADE           ;
; IGNORE_CASCADE_BUFFERS ; OFF            ; IGNORE_CASCADE         ;
+------------------------+----------------+------------------------+
Note: In order to hide this table in the UI and the text report file, please set the "Show Parameter Settings in Synthesis Report" option in "Analysis and Synthesis Settings -> More Settings" to "Off".


+-----------------------------------------------------+
; Post-Synthesis Netlist Statistics for Top Partition ;
+-----------------------+-----------------------------+
; Type                  ; Count                       ;
+-----------------------+-----------------------------+
; arriav_lcell_comb     ; 5412                        ;
;     arith             ; 2677                        ;
;         0 data inputs ; 236                         ;
;         1 data inputs ; 22                          ;
;         2 data inputs ; 385                         ;
;         3 data inputs ; 44                          ;
;         4 data inputs ; 18                          ;
;         5 data inputs ; 1972                        ;
;     extend            ; 15                          ;
;         7 data inputs ; 15                          ;
;     normal            ; 2615                        ;
;         2 data inputs ; 126                         ;
;         3 data inputs ; 202                         ;
;         4 data inputs ; 1828                        ;
;         5 data inputs ; 219                         ;
;         6 data inputs ; 240                         ;
;     shared            ; 105                         ;
;         0 data inputs ; 12                          ;
;         2 data inputs ; 76                          ;
;         3 data inputs ; 5                           ;
;         4 data inputs ; 12                          ;
; arriav_mac            ; 12                          ;
; boundary_port         ; 101                         ;
;                       ;                             ;
; Max LUT depth         ; 101.70                      ;
; Average LUT depth     ; 81.86                       ;
+-----------------------+-----------------------------+


+-------------------------------+
; Elapsed Time Per Partition    ;
+----------------+--------------+
; Partition Name ; Elapsed Time ;
+----------------+--------------+
; Top            ; 00:00:08     ;
+----------------+--------------+


+-------------------------------+
; Analysis & Synthesis Messages ;
+-------------------------------+
Info: *******************************************************************
Info: Running Quartus Prime Analysis & Synthesis
    Info: Version 18.1.0 Build 625 09/12/2018 SJ Lite Edition
    Info: Processing started: Wed Nov 01 18:13:22 2023
Info: Command: quartus_map --read_settings_files=on --write_settings_files=off ALU -c ALU
Info (20030): Parallel compilation is enabled and will use 4 of the 4 processors detected
Info (12021): Found 1 design units, including 1 entities, in source file topde.v
    Info (12023): Found entity 1: TopDE File: C:/Users/e-nicole.sena/Downloads/OAC/Lab2/Lab2/ALU_restored/TopDE.v Line: 14
Info (12021): Found 0 design units, including 0 entities, in source file parametros.v
Info (12021): Found 1 design units, including 1 entities, in source file decoder7.v
    Info (12023): Found entity 1: Decoder7 File: C:/Users/e-nicole.sena/Downloads/OAC/Lab2/Lab2/ALU_restored/Decoder7.v Line: 3
Info (12021): Found 1 design units, including 1 entities, in source file alu.v
    Info (12023): Found entity 1: ALU File: C:/Users/e-nicole.sena/Downloads/OAC/Lab2/Lab2/ALU_restored/ALU.v Line: 13
Info (12127): Elaborating entity "ALU" for the top level hierarchy
Info (278001): Inferred 4 megafunctions from design logic
    Info (278004): Inferred divider/modulo megafunction ("lpm_divide") from the following logic: "Div0" File: C:/Users/e-nicole.sena/Downloads/OAC/Lab2/Lab2/ALU_restored/ALU.v Line: 68
    Info (278004): Inferred divider/modulo megafunction ("lpm_divide") from the following logic: "Div1" File: C:/Users/e-nicole.sena/Downloads/OAC/Lab2/Lab2/ALU_restored/ALU.v Line: 70
    Info (278004): Inferred divider/modulo megafunction ("lpm_divide") from the following logic: "Mod0" File: C:/Users/e-nicole.sena/Downloads/OAC/Lab2/Lab2/ALU_restored/ALU.v Line: 72
    Info (278004): Inferred divider/modulo megafunction ("lpm_divide") from the following logic: "Mod1" File: C:/Users/e-nicole.sena/Downloads/OAC/Lab2/Lab2/ALU_restored/ALU.v Line: 74
Info (12130): Elaborated megafunction instantiation "lpm_divide:Div0" File: C:/Users/e-nicole.sena/Downloads/OAC/Lab2/Lab2/ALU_restored/ALU.v Line: 68
Info (12133): Instantiated megafunction "lpm_divide:Div0" with the following parameter: File: C:/Users/e-nicole.sena/Downloads/OAC/Lab2/Lab2/ALU_restored/ALU.v Line: 68
    Info (12134): Parameter "LPM_WIDTHN" = "32"
    Info (12134): Parameter "LPM_WIDTHD" = "32"
    Info (12134): Parameter "LPM_NREPRESENTATION" = "SIGNED"
    Info (12134): Parameter "LPM_DREPRESENTATION" = "SIGNED"
    Info (12134): Parameter "LPM_HINT" = "LPM_REMAINDERPOSITIVE=FALSE"
Info (12021): Found 1 design units, including 1 entities, in source file db/lpm_divide_rqo.tdf
    Info (12023): Found entity 1: lpm_divide_rqo File: C:/Users/e-nicole.sena/Downloads/OAC/Lab2/Lab2/ALU_restored/db/lpm_divide_rqo.tdf Line: 24
Info (12021): Found 1 design units, including 1 entities, in source file db/abs_divider_4dg.tdf
    Info (12023): Found entity 1: abs_divider_4dg File: C:/Users/e-nicole.sena/Downloads/OAC/Lab2/Lab2/ALU_restored/db/abs_divider_4dg.tdf Line: 26
Info (12021): Found 1 design units, including 1 entities, in source file db/alt_u_div_o2f.tdf
    Info (12023): Found entity 1: alt_u_div_o2f File: C:/Users/e-nicole.sena/Downloads/OAC/Lab2/Lab2/ALU_restored/db/alt_u_div_o2f.tdf Line: 22
Info (12021): Found 1 design units, including 1 entities, in source file db/lpm_abs_4p9.tdf
    Info (12023): Found entity 1: lpm_abs_4p9 File: C:/Users/e-nicole.sena/Downloads/OAC/Lab2/Lab2/ALU_restored/db/lpm_abs_4p9.tdf Line: 22
Info (12130): Elaborated megafunction instantiation "lpm_divide:Div1" File: C:/Users/e-nicole.sena/Downloads/OAC/Lab2/Lab2/ALU_restored/ALU.v Line: 70
Info (12133): Instantiated megafunction "lpm_divide:Div1" with the following parameter: File: C:/Users/e-nicole.sena/Downloads/OAC/Lab2/Lab2/ALU_restored/ALU.v Line: 70
    Info (12134): Parameter "LPM_WIDTHN" = "32"
    Info (12134): Parameter "LPM_WIDTHD" = "32"
    Info (12134): Parameter "LPM_NREPRESENTATION" = "UNSIGNED"
    Info (12134): Parameter "LPM_DREPRESENTATION" = "UNSIGNED"
Info (12021): Found 1 design units, including 1 entities, in source file db/lpm_divide_3dm.tdf
    Info (12023): Found entity 1: lpm_divide_3dm File: C:/Users/e-nicole.sena/Downloads/OAC/Lab2/Lab2/ALU_restored/db/lpm_divide_3dm.tdf Line: 24
Info (12021): Found 1 design units, including 1 entities, in source file db/sign_div_unsign_9nh.tdf
    Info (12023): Found entity 1: sign_div_unsign_9nh File: C:/Users/e-nicole.sena/Downloads/OAC/Lab2/Lab2/ALU_restored/db/sign_div_unsign_9nh.tdf Line: 24
Info (12130): Elaborated megafunction instantiation "lpm_divide:Mod0" File: C:/Users/e-nicole.sena/Downloads/OAC/Lab2/Lab2/ALU_restored/ALU.v Line: 72
Info (12133): Instantiated megafunction "lpm_divide:Mod0" with the following parameter: File: C:/Users/e-nicole.sena/Downloads/OAC/Lab2/Lab2/ALU_restored/ALU.v Line: 72
    Info (12134): Parameter "LPM_WIDTHN" = "32"
    Info (12134): Parameter "LPM_WIDTHD" = "32"
    Info (12134): Parameter "LPM_NREPRESENTATION" = "SIGNED"
    Info (12134): Parameter "LPM_DREPRESENTATION" = "SIGNED"
    Info (12134): Parameter "LPM_HINT" = "LPM_REMAINDERPOSITIVE=FALSE"
Info (12021): Found 1 design units, including 1 entities, in source file db/lpm_divide_uio.tdf
    Info (12023): Found entity 1: lpm_divide_uio File: C:/Users/e-nicole.sena/Downloads/OAC/Lab2/Lab2/ALU_restored/db/lpm_divide_uio.tdf Line: 24
Info (12130): Elaborated megafunction instantiation "lpm_divide:Mod1" File: C:/Users/e-nicole.sena/Downloads/OAC/Lab2/Lab2/ALU_restored/ALU.v Line: 74
Info (12133): Instantiated megafunction "lpm_divide:Mod1" with the following parameter: File: C:/Users/e-nicole.sena/Downloads/OAC/Lab2/Lab2/ALU_restored/ALU.v Line: 74
    Info (12134): Parameter "LPM_WIDTHN" = "32"
    Info (12134): Parameter "LPM_WIDTHD" = "32"
    Info (12134): Parameter "LPM_NREPRESENTATION" = "UNSIGNED"
    Info (12134): Parameter "LPM_DREPRESENTATION" = "UNSIGNED"
Info (12021): Found 1 design units, including 1 entities, in source file db/lpm_divide_65m.tdf
    Info (12023): Found entity 1: lpm_divide_65m File: C:/Users/e-nicole.sena/Downloads/OAC/Lab2/Lab2/ALU_restored/db/lpm_divide_65m.tdf Line: 24
Info (286030): Timing-Driven Synthesis is running
Info (16010): Generating hard_block partition "hard_block:auto_generated_inst"
    Info (16011): Adding 0 node(s), including 0 DDIO, 0 PLL, 0 transceiver and 0 LCELL
Info (15717): Design contains 101 virtual pins; timing numbers associated with paths containing virtual pins are estimates
    Info (15719): Pin "oResult[0]" is virtual output pin File: C:/Users/e-nicole.sena/Downloads/OAC/Lab2/Lab2/ALU_restored/ALU.v Line: 18
    Info (15719): Pin "oResult[1]" is virtual output pin File: C:/Users/e-nicole.sena/Downloads/OAC/Lab2/Lab2/ALU_restored/ALU.v Line: 18
    Info (15719): Pin "oResult[2]" is virtual output pin File: C:/Users/e-nicole.sena/Downloads/OAC/Lab2/Lab2/ALU_restored/ALU.v Line: 18
    Info (15719): Pin "oResult[3]" is virtual output pin File: C:/Users/e-nicole.sena/Downloads/OAC/Lab2/Lab2/ALU_restored/ALU.v Line: 18
    Info (15719): Pin "oResult[4]" is virtual output pin File: C:/Users/e-nicole.sena/Downloads/OAC/Lab2/Lab2/ALU_restored/ALU.v Line: 18
    Info (15719): Pin "oResult[5]" is virtual output pin File: C:/Users/e-nicole.sena/Downloads/OAC/Lab2/Lab2/ALU_restored/ALU.v Line: 18
    Info (15719): Pin "oResult[6]" is virtual output pin File: C:/Users/e-nicole.sena/Downloads/OAC/Lab2/Lab2/ALU_restored/ALU.v Line: 18
    Info (15719): Pin "oResult[7]" is virtual output pin File: C:/Users/e-nicole.sena/Downloads/OAC/Lab2/Lab2/ALU_restored/ALU.v Line: 18
    Info (15719): Pin "oResult[8]" is virtual output pin File: C:/Users/e-nicole.sena/Downloads/OAC/Lab2/Lab2/ALU_restored/ALU.v Line: 18
    Info (15719): Pin "oResult[9]" is virtual output pin File: C:/Users/e-nicole.sena/Downloads/OAC/Lab2/Lab2/ALU_restored/ALU.v Line: 18
    Info (15719): Pin "oResult[10]" is virtual output pin File: C:/Users/e-nicole.sena/Downloads/OAC/Lab2/Lab2/ALU_restored/ALU.v Line: 18
    Info (15719): Pin "oResult[11]" is virtual output pin File: C:/Users/e-nicole.sena/Downloads/OAC/Lab2/Lab2/ALU_restored/ALU.v Line: 18
    Info (15719): Pin "oResult[12]" is virtual output pin File: C:/Users/e-nicole.sena/Downloads/OAC/Lab2/Lab2/ALU_restored/ALU.v Line: 18
    Info (15719): Pin "oResult[13]" is virtual output pin File: C:/Users/e-nicole.sena/Downloads/OAC/Lab2/Lab2/ALU_restored/ALU.v Line: 18
    Info (15719): Pin "oResult[14]" is virtual output pin File: C:/Users/e-nicole.sena/Downloads/OAC/Lab2/Lab2/ALU_restored/ALU.v Line: 18
    Info (15719): Pin "oResult[15]" is virtual output pin File: C:/Users/e-nicole.sena/Downloads/OAC/Lab2/Lab2/ALU_restored/ALU.v Line: 18
    Info (15719): Pin "oResult[16]" is virtual output pin File: C:/Users/e-nicole.sena/Downloads/OAC/Lab2/Lab2/ALU_restored/ALU.v Line: 18
    Info (15719): Pin "oResult[17]" is virtual output pin File: C:/Users/e-nicole.sena/Downloads/OAC/Lab2/Lab2/ALU_restored/ALU.v Line: 18
    Info (15719): Pin "oResult[18]" is virtual output pin File: C:/Users/e-nicole.sena/Downloads/OAC/Lab2/Lab2/ALU_restored/ALU.v Line: 18
    Info (15719): Pin "oResult[19]" is virtual output pin File: C:/Users/e-nicole.sena/Downloads/OAC/Lab2/Lab2/ALU_restored/ALU.v Line: 18
    Info (15719): Pin "oResult[20]" is virtual output pin File: C:/Users/e-nicole.sena/Downloads/OAC/Lab2/Lab2/ALU_restored/ALU.v Line: 18
    Info (15719): Pin "oResult[21]" is virtual output pin File: C:/Users/e-nicole.sena/Downloads/OAC/Lab2/Lab2/ALU_restored/ALU.v Line: 18
    Info (15719): Pin "oResult[22]" is virtual output pin File: C:/Users/e-nicole.sena/Downloads/OAC/Lab2/Lab2/ALU_restored/ALU.v Line: 18
    Info (15719): Pin "oResult[23]" is virtual output pin File: C:/Users/e-nicole.sena/Downloads/OAC/Lab2/Lab2/ALU_restored/ALU.v Line: 18
    Info (15719): Pin "oResult[24]" is virtual output pin File: C:/Users/e-nicole.sena/Downloads/OAC/Lab2/Lab2/ALU_restored/ALU.v Line: 18
    Info (15719): Pin "oResult[25]" is virtual output pin File: C:/Users/e-nicole.sena/Downloads/OAC/Lab2/Lab2/ALU_restored/ALU.v Line: 18
    Info (15719): Pin "oResult[26]" is virtual output pin File: C:/Users/e-nicole.sena/Downloads/OAC/Lab2/Lab2/ALU_restored/ALU.v Line: 18
    Info (15719): Pin "oResult[27]" is virtual output pin File: C:/Users/e-nicole.sena/Downloads/OAC/Lab2/Lab2/ALU_restored/ALU.v Line: 18
    Info (15719): Pin "oResult[28]" is virtual output pin File: C:/Users/e-nicole.sena/Downloads/OAC/Lab2/Lab2/ALU_restored/ALU.v Line: 18
    Info (15719): Pin "oResult[29]" is virtual output pin File: C:/Users/e-nicole.sena/Downloads/OAC/Lab2/Lab2/ALU_restored/ALU.v Line: 18
    Info (15719): Pin "oResult[30]" is virtual output pin File: C:/Users/e-nicole.sena/Downloads/OAC/Lab2/Lab2/ALU_restored/ALU.v Line: 18
    Info (15719): Pin "oResult[31]" is virtual output pin File: C:/Users/e-nicole.sena/Downloads/OAC/Lab2/Lab2/ALU_restored/ALU.v Line: 18
    Info (15718): Pin "iControl[3]" is virtual input pin File: C:/Users/e-nicole.sena/Downloads/OAC/Lab2/Lab2/ALU_restored/ALU.v Line: 14
    Info (15718): Pin "iControl[4]" is virtual input pin File: C:/Users/e-nicole.sena/Downloads/OAC/Lab2/Lab2/ALU_restored/ALU.v Line: 14
    Info (15718): Pin "iControl[2]" is virtual input pin File: C:/Users/e-nicole.sena/Downloads/OAC/Lab2/Lab2/ALU_restored/ALU.v Line: 14
    Info (15718): Pin "iA[31]" is virtual input pin File: C:/Users/e-nicole.sena/Downloads/OAC/Lab2/Lab2/ALU_restored/ALU.v Line: 15
    Info (15718): Pin "iB[31]" is virtual input pin File: C:/Users/e-nicole.sena/Downloads/OAC/Lab2/Lab2/ALU_restored/ALU.v Line: 16
    Info (15718): Pin "iControl[0]" is virtual input pin File: C:/Users/e-nicole.sena/Downloads/OAC/Lab2/Lab2/ALU_restored/ALU.v Line: 14
    Info (15718): Pin "iControl[1]" is virtual input pin File: C:/Users/e-nicole.sena/Downloads/OAC/Lab2/Lab2/ALU_restored/ALU.v Line: 14
    Info (15718): Pin "iB[4]" is virtual input pin File: C:/Users/e-nicole.sena/Downloads/OAC/Lab2/Lab2/ALU_restored/ALU.v Line: 16
    Info (15718): Pin "iB[0]" is virtual input pin File: C:/Users/e-nicole.sena/Downloads/OAC/Lab2/Lab2/ALU_restored/ALU.v Line: 16
    Info (15718): Pin "iB[3]" is virtual input pin File: C:/Users/e-nicole.sena/Downloads/OAC/Lab2/Lab2/ALU_restored/ALU.v Line: 16
    Info (15718): Pin "iB[2]" is virtual input pin File: C:/Users/e-nicole.sena/Downloads/OAC/Lab2/Lab2/ALU_restored/ALU.v Line: 16
    Info (15718): Pin "iA[20]" is virtual input pin File: C:/Users/e-nicole.sena/Downloads/OAC/Lab2/Lab2/ALU_restored/ALU.v Line: 15
    Info (15718): Pin "iA[22]" is virtual input pin File: C:/Users/e-nicole.sena/Downloads/OAC/Lab2/Lab2/ALU_restored/ALU.v Line: 15
    Info (15718): Pin "iA[21]" is virtual input pin File: C:/Users/e-nicole.sena/Downloads/OAC/Lab2/Lab2/ALU_restored/ALU.v Line: 15
    Info (15718): Pin "iA[23]" is virtual input pin File: C:/Users/e-nicole.sena/Downloads/OAC/Lab2/Lab2/ALU_restored/ALU.v Line: 15
    Info (15718): Pin "iB[1]" is virtual input pin File: C:/Users/e-nicole.sena/Downloads/OAC/Lab2/Lab2/ALU_restored/ALU.v Line: 16
    Info (15718): Pin "iA[30]" is virtual input pin File: C:/Users/e-nicole.sena/Downloads/OAC/Lab2/Lab2/ALU_restored/ALU.v Line: 15
    Info (15718): Pin "iA[29]" is virtual input pin File: C:/Users/e-nicole.sena/Downloads/OAC/Lab2/Lab2/ALU_restored/ALU.v Line: 15
    Info (15718): Pin "iA[28]" is virtual input pin File: C:/Users/e-nicole.sena/Downloads/OAC/Lab2/Lab2/ALU_restored/ALU.v Line: 15
    Info (15718): Pin "iA[16]" is virtual input pin File: C:/Users/e-nicole.sena/Downloads/OAC/Lab2/Lab2/ALU_restored/ALU.v Line: 15
    Info (15718): Pin "iA[18]" is virtual input pin File: C:/Users/e-nicole.sena/Downloads/OAC/Lab2/Lab2/ALU_restored/ALU.v Line: 15
    Info (15718): Pin "iA[17]" is virtual input pin File: C:/Users/e-nicole.sena/Downloads/OAC/Lab2/Lab2/ALU_restored/ALU.v Line: 15
    Info (15718): Pin "iA[19]" is virtual input pin File: C:/Users/e-nicole.sena/Downloads/OAC/Lab2/Lab2/ALU_restored/ALU.v Line: 15
    Info (15718): Pin "iA[24]" is virtual input pin File: C:/Users/e-nicole.sena/Downloads/OAC/Lab2/Lab2/ALU_restored/ALU.v Line: 15
    Info (15718): Pin "iA[26]" is virtual input pin File: C:/Users/e-nicole.sena/Downloads/OAC/Lab2/Lab2/ALU_restored/ALU.v Line: 15
    Info (15718): Pin "iA[25]" is virtual input pin File: C:/Users/e-nicole.sena/Downloads/OAC/Lab2/Lab2/ALU_restored/ALU.v Line: 15
    Info (15718): Pin "iA[27]" is virtual input pin File: C:/Users/e-nicole.sena/Downloads/OAC/Lab2/Lab2/ALU_restored/ALU.v Line: 15
    Info (15718): Pin "iA[0]" is virtual input pin File: C:/Users/e-nicole.sena/Downloads/OAC/Lab2/Lab2/ALU_restored/ALU.v Line: 15
    Info (15718): Pin "iA[2]" is virtual input pin File: C:/Users/e-nicole.sena/Downloads/OAC/Lab2/Lab2/ALU_restored/ALU.v Line: 15
    Info (15718): Pin "iA[1]" is virtual input pin File: C:/Users/e-nicole.sena/Downloads/OAC/Lab2/Lab2/ALU_restored/ALU.v Line: 15
    Info (15718): Pin "iA[3]" is virtual input pin File: C:/Users/e-nicole.sena/Downloads/OAC/Lab2/Lab2/ALU_restored/ALU.v Line: 15
    Info (15718): Pin "iA[4]" is virtual input pin File: C:/Users/e-nicole.sena/Downloads/OAC/Lab2/Lab2/ALU_restored/ALU.v Line: 15
    Info (15718): Pin "iA[6]" is virtual input pin File: C:/Users/e-nicole.sena/Downloads/OAC/Lab2/Lab2/ALU_restored/ALU.v Line: 15
    Info (15718): Pin "iA[5]" is virtual input pin File: C:/Users/e-nicole.sena/Downloads/OAC/Lab2/Lab2/ALU_restored/ALU.v Line: 15
    Info (15718): Pin "iA[7]" is virtual input pin File: C:/Users/e-nicole.sena/Downloads/OAC/Lab2/Lab2/ALU_restored/ALU.v Line: 15
    Info (15718): Pin "iA[8]" is virtual input pin File: C:/Users/e-nicole.sena/Downloads/OAC/Lab2/Lab2/ALU_restored/ALU.v Line: 15
    Info (15718): Pin "iA[10]" is virtual input pin File: C:/Users/e-nicole.sena/Downloads/OAC/Lab2/Lab2/ALU_restored/ALU.v Line: 15
    Info (15718): Pin "iA[9]" is virtual input pin File: C:/Users/e-nicole.sena/Downloads/OAC/Lab2/Lab2/ALU_restored/ALU.v Line: 15
    Info (15718): Pin "iA[11]" is virtual input pin File: C:/Users/e-nicole.sena/Downloads/OAC/Lab2/Lab2/ALU_restored/ALU.v Line: 15
    Info (15718): Pin "iA[12]" is virtual input pin File: C:/Users/e-nicole.sena/Downloads/OAC/Lab2/Lab2/ALU_restored/ALU.v Line: 15
    Info (15718): Pin "iA[14]" is virtual input pin File: C:/Users/e-nicole.sena/Downloads/OAC/Lab2/Lab2/ALU_restored/ALU.v Line: 15
    Info (15718): Pin "iA[13]" is virtual input pin File: C:/Users/e-nicole.sena/Downloads/OAC/Lab2/Lab2/ALU_restored/ALU.v Line: 15
    Info (15718): Pin "iA[15]" is virtual input pin File: C:/Users/e-nicole.sena/Downloads/OAC/Lab2/Lab2/ALU_restored/ALU.v Line: 15
    Info (15718): Pin "iB[30]" is virtual input pin File: C:/Users/e-nicole.sena/Downloads/OAC/Lab2/Lab2/ALU_restored/ALU.v Line: 16
    Info (15718): Pin "iB[29]" is virtual input pin File: C:/Users/e-nicole.sena/Downloads/OAC/Lab2/Lab2/ALU_restored/ALU.v Line: 16
    Info (15718): Pin "iB[28]" is virtual input pin File: C:/Users/e-nicole.sena/Downloads/OAC/Lab2/Lab2/ALU_restored/ALU.v Line: 16
    Info (15718): Pin "iB[27]" is virtual input pin File: C:/Users/e-nicole.sena/Downloads/OAC/Lab2/Lab2/ALU_restored/ALU.v Line: 16
    Info (15718): Pin "iB[26]" is virtual input pin File: C:/Users/e-nicole.sena/Downloads/OAC/Lab2/Lab2/ALU_restored/ALU.v Line: 16
    Info (15718): Pin "iB[25]" is virtual input pin File: C:/Users/e-nicole.sena/Downloads/OAC/Lab2/Lab2/ALU_restored/ALU.v Line: 16
    Info (15718): Pin "iB[24]" is virtual input pin File: C:/Users/e-nicole.sena/Downloads/OAC/Lab2/Lab2/ALU_restored/ALU.v Line: 16
    Info (15718): Pin "iB[23]" is virtual input pin File: C:/Users/e-nicole.sena/Downloads/OAC/Lab2/Lab2/ALU_restored/ALU.v Line: 16
    Info (15718): Pin "iB[22]" is virtual input pin File: C:/Users/e-nicole.sena/Downloads/OAC/Lab2/Lab2/ALU_restored/ALU.v Line: 16
    Info (15718): Pin "iB[21]" is virtual input pin File: C:/Users/e-nicole.sena/Downloads/OAC/Lab2/Lab2/ALU_restored/ALU.v Line: 16
    Info (15718): Pin "iB[20]" is virtual input pin File: C:/Users/e-nicole.sena/Downloads/OAC/Lab2/Lab2/ALU_restored/ALU.v Line: 16
    Info (15718): Pin "iB[19]" is virtual input pin File: C:/Users/e-nicole.sena/Downloads/OAC/Lab2/Lab2/ALU_restored/ALU.v Line: 16
    Info (15718): Pin "iB[18]" is virtual input pin File: C:/Users/e-nicole.sena/Downloads/OAC/Lab2/Lab2/ALU_restored/ALU.v Line: 16
    Info (15718): Pin "iB[17]" is virtual input pin File: C:/Users/e-nicole.sena/Downloads/OAC/Lab2/Lab2/ALU_restored/ALU.v Line: 16
    Info (15718): Pin "iB[16]" is virtual input pin File: C:/Users/e-nicole.sena/Downloads/OAC/Lab2/Lab2/ALU_restored/ALU.v Line: 16
    Info (15718): Pin "iB[15]" is virtual input pin File: C:/Users/e-nicole.sena/Downloads/OAC/Lab2/Lab2/ALU_restored/ALU.v Line: 16
    Info (15718): Pin "iB[14]" is virtual input pin File: C:/Users/e-nicole.sena/Downloads/OAC/Lab2/Lab2/ALU_restored/ALU.v Line: 16
    Info (15718): Pin "iB[13]" is virtual input pin File: C:/Users/e-nicole.sena/Downloads/OAC/Lab2/Lab2/ALU_restored/ALU.v Line: 16
    Info (15718): Pin "iB[12]" is virtual input pin File: C:/Users/e-nicole.sena/Downloads/OAC/Lab2/Lab2/ALU_restored/ALU.v Line: 16
    Info (15718): Pin "iB[11]" is virtual input pin File: C:/Users/e-nicole.sena/Downloads/OAC/Lab2/Lab2/ALU_restored/ALU.v Line: 16
    Info (15718): Pin "iB[10]" is virtual input pin File: C:/Users/e-nicole.sena/Downloads/OAC/Lab2/Lab2/ALU_restored/ALU.v Line: 16
    Info (15718): Pin "iB[9]" is virtual input pin File: C:/Users/e-nicole.sena/Downloads/OAC/Lab2/Lab2/ALU_restored/ALU.v Line: 16
    Info (15718): Pin "iB[8]" is virtual input pin File: C:/Users/e-nicole.sena/Downloads/OAC/Lab2/Lab2/ALU_restored/ALU.v Line: 16
    Info (15718): Pin "iB[7]" is virtual input pin File: C:/Users/e-nicole.sena/Downloads/OAC/Lab2/Lab2/ALU_restored/ALU.v Line: 16
    Info (15718): Pin "iB[6]" is virtual input pin File: C:/Users/e-nicole.sena/Downloads/OAC/Lab2/Lab2/ALU_restored/ALU.v Line: 16
    Info (15718): Pin "iB[5]" is virtual input pin File: C:/Users/e-nicole.sena/Downloads/OAC/Lab2/Lab2/ALU_restored/ALU.v Line: 16
Warning (15751): Ignored Virtual Pin assignment to "oZero".
Info (21057): Implemented 5525 device resources after synthesis - the final resource count might be different
    Info (21058): Implemented 0 input pins
    Info (21059): Implemented 0 output pins
    Info (21061): Implemented 5513 logic cells
    Info (21062): Implemented 12 DSP elements
Info: Quartus Prime Analysis & Synthesis was successful. 0 errors, 1 warning
    Info: Peak virtual memory: 4863 megabytes
    Info: Processing ended: Wed Nov 01 18:13:44 2023
    Info: Elapsed time: 00:00:22
    Info: Total CPU time (on all processors): 00:00:33


